###############################################################################
#
# IAR ANSI C/C++ Compiler V7.60.1.11101/W32 for ARM       16/Aug/2016  13:15:53
# Copyright 1999-2016 IAR Systems AB.
#
#    Cpu mode     =  thumb
#    Endian       =  little
#    Source file  =  
#        C:\Users\cwati\Documents\My
#        Work\Freescale\Bootloader\NXP_Kinetis_Bootloader_2_0_0\NXP_Kinetis_Bootloader_2_0_0\src\utilities\src\fsl_assert.c
#    Command line =  
#        "C:\Users\cwati\Documents\My
#        Work\Freescale\Bootloader\NXP_Kinetis_Bootloader_2_0_0\NXP_Kinetis_Bootloader_2_0_0\src\utilities\src\fsl_assert.c"
#        -D DEBUG -D NDEBUG -D USB_STACK_BM -D CPU_MK22FN256VDC12 -D
#        CPU_IS_ARM_CORTEX_M4=1 -D IAR -D BL_TARGET_RAM -lC
#        "C:\Users\cwati\Documents\My
#        Work\Freescale\Bootloader\NXP_Kinetis_Bootloader_2_0_0\NXP_Kinetis_Bootloader_2_0_0\targets\MK22F25612\iar\flashloader\debug\list"
#        --diag_suppress Pa039,Pe068,Pe069,Pa082,Pe177,Pe186,Pe550,Pa050 -o
#        "C:\Users\cwati\Documents\My
#        Work\Freescale\Bootloader\NXP_Kinetis_Bootloader_2_0_0\NXP_Kinetis_Bootloader_2_0_0\targets\MK22F25612\iar\flashloader\debug\obj"
#        --no_unroll --debug --endian=little --cpu=Cortex-M4 -e --fpu=None
#        --dlib_config "C:\Program Files (x86)\IAR Systems\Embedded Workbench
#        7.4\arm\INC\c\DLib_Config_Normal.h" -I "C:\Users\cwati\Documents\My
#        Work\Freescale\Bootloader\NXP_Kinetis_Bootloader_2_0_0\NXP_Kinetis_Bootloader_2_0_0\targets\MK22F25612\iar\flashloader/../../src\"
#        -I "C:\Users\cwati\Documents\My
#        Work\Freescale\Bootloader\NXP_Kinetis_Bootloader_2_0_0\NXP_Kinetis_Bootloader_2_0_0\targets\MK22F25612\iar\flashloader/../../src/startup\"
#        -I "C:\Users\cwati\Documents\My
#        Work\Freescale\Bootloader\NXP_Kinetis_Bootloader_2_0_0\NXP_Kinetis_Bootloader_2_0_0\targets\MK22F25612\iar\flashloader/../../../../src/platform/devices/MK22F25612\"
#        -I "C:\Users\cwati\Documents\My
#        Work\Freescale\Bootloader\NXP_Kinetis_Bootloader_2_0_0\NXP_Kinetis_Bootloader_2_0_0\targets\MK22F25612\iar\flashloader/../../../../src/autobaud\"
#        -I "C:\Users\cwati\Documents\My
#        Work\Freescale\Bootloader\NXP_Kinetis_Bootloader_2_0_0\NXP_Kinetis_Bootloader_2_0_0\targets\MK22F25612\iar\flashloader/../../../../src/usb/include\"
#        -I "C:\Users\cwati\Documents\My
#        Work\Freescale\Bootloader\NXP_Kinetis_Bootloader_2_0_0\NXP_Kinetis_Bootloader_2_0_0\targets\MK22F25612\iar\flashloader/../../../../src/usb/osa\"
#        -I "C:\Users\cwati\Documents\My
#        Work\Freescale\Bootloader\NXP_Kinetis_Bootloader_2_0_0\NXP_Kinetis_Bootloader_2_0_0\targets\MK22F25612\iar\flashloader/../../../../src/usb/device\"
#        -I "C:\Users\cwati\Documents\My
#        Work\Freescale\Bootloader\NXP_Kinetis_Bootloader_2_0_0\NXP_Kinetis_Bootloader_2_0_0\targets\MK22F25612\iar\flashloader/../../../../src/usb/device/class\"
#        -I "C:\Users\cwati\Documents\My
#        Work\Freescale\Bootloader\NXP_Kinetis_Bootloader_2_0_0\NXP_Kinetis_Bootloader_2_0_0\targets\MK22F25612\iar\flashloader/../../../../src/bm_usb\"
#        -I "C:\Users\cwati\Documents\My
#        Work\Freescale\Bootloader\NXP_Kinetis_Bootloader_2_0_0\NXP_Kinetis_Bootloader_2_0_0\targets\MK22F25612\iar\flashloader/../../../../src/include\"
#        -I "C:\Users\cwati\Documents\My
#        Work\Freescale\Bootloader\NXP_Kinetis_Bootloader_2_0_0\NXP_Kinetis_Bootloader_2_0_0\targets\MK22F25612\iar\flashloader/../../../../src/platform\"
#        -I "C:\Users\cwati\Documents\My
#        Work\Freescale\Bootloader\NXP_Kinetis_Bootloader_2_0_0\NXP_Kinetis_Bootloader_2_0_0\targets\MK22F25612\iar\flashloader/../../../../src/platform/devices\"
#        -I "C:\Users\cwati\Documents\My
#        Work\Freescale\Bootloader\NXP_Kinetis_Bootloader_2_0_0\NXP_Kinetis_Bootloader_2_0_0\targets\MK22F25612\iar\flashloader/../../../../src/platform/CMSIS/Include\"
#        -I "C:\Users\cwati\Documents\My
#        Work\Freescale\Bootloader\NXP_Kinetis_Bootloader_2_0_0\NXP_Kinetis_Bootloader_2_0_0\targets\MK22F25612\iar\flashloader/../../../../src\"
#        -I "C:\Users\cwati\Documents\My
#        Work\Freescale\Bootloader\NXP_Kinetis_Bootloader_2_0_0\NXP_Kinetis_Bootloader_2_0_0\targets\MK22F25612\iar\flashloader/../../../../src/drivers\"
#        -I "C:\Users\cwati\Documents\My
#        Work\Freescale\Bootloader\NXP_Kinetis_Bootloader_2_0_0\NXP_Kinetis_Bootloader_2_0_0\targets\MK22F25612\iar\flashloader/../../../../src/startup\"
#        -I "C:\Users\cwati\Documents\My
#        Work\Freescale\Bootloader\NXP_Kinetis_Bootloader_2_0_0\NXP_Kinetis_Bootloader_2_0_0\targets\MK22F25612\iar\flashloader/../../../../src/drivers/common\"
#        -Ohz --use_c++_inline
#    Locale       =  C
#    List file    =  
#        C:\Users\cwati\Documents\My
#        Work\Freescale\Bootloader\NXP_Kinetis_Bootloader_2_0_0\NXP_Kinetis_Bootloader_2_0_0\targets\MK22F25612\iar\flashloader\debug\list\fsl_assert.lst
#    Object file  =  
#        C:\Users\cwati\Documents\My
#        Work\Freescale\Bootloader\NXP_Kinetis_Bootloader_2_0_0\NXP_Kinetis_Bootloader_2_0_0\targets\MK22F25612\iar\flashloader\debug\obj\fsl_assert.o
#
###############################################################################

C:\Users\cwati\Documents\My Work\Freescale\Bootloader\NXP_Kinetis_Bootloader_2_0_0\NXP_Kinetis_Bootloader_2_0_0\src\utilities\src\fsl_assert.c
      1          /*
      2           * Copyright (c) 2014, Freescale Semiconductor, Inc.
      3           * All rights reserved.
      4           *
      5           * Redistribution and use in source and binary forms, with or without modification,
      6           * are permitted provided that the following conditions are met:
      7           *
      8           * o Redistributions of source code must retain the above copyright notice, this list
      9           *   of conditions and the following disclaimer.
     10           *
     11           * o Redistributions in binary form must reproduce the above copyright notice, this
     12           *   list of conditions and the following disclaimer in the documentation and/or
     13           *   other materials provided with the distribution.
     14           *
     15           * o Neither the name of Freescale Semiconductor, Inc. nor the names of its
     16           *   contributors may be used to endorse or promote products derived from this
     17           *   software without specific prior written permission.
     18           *
     19           * THIS SOFTWARE IS PROVIDED BY THE COPYRIGHT HOLDERS AND CONTRIBUTORS "AS IS" AND
     20           * ANY EXPRESS OR IMPLIED WARRANTIES, INCLUDING, BUT NOT LIMITED TO, THE IMPLIED
     21           * WARRANTIES OF MERCHANTABILITY AND FITNESS FOR A PARTICULAR PURPOSE ARE
     22           * DISCLAIMED. IN NO EVENT SHALL THE COPYRIGHT HOLDER OR CONTRIBUTORS BE LIABLE FOR
     23           * ANY DIRECT, INDIRECT, INCIDENTAL, SPECIAL, EXEMPLARY, OR CONSEQUENTIAL DAMAGES
     24           * (INCLUDING, BUT NOT LIMITED TO, PROCUREMENT OF SUBSTITUTE GOODS OR SERVICES;
     25           * LOSS OF USE, DATA, OR PROFITS; OR BUSINESS INTERRUPTION) HOWEVER CAUSED AND ON
     26           * ANY THEORY OF LIABILITY, WHETHER IN CONTRACT, STRICT LIABILITY, OR TORT
     27           * (INCLUDING NEGLIGENCE OR OTHERWISE) ARISING IN ANY WAY OUT OF THE USE OF THIS
     28           * SOFTWARE, EVEN IF ADVISED OF THE POSSIBILITY OF SUCH DAMAGE.
     29           */
     30          
     31          #include "utilities/fsl_rtos_abstraction.h"
     32          

   \                                 In section .text, align 2, keep-with-next
     33          void fsl_assert(void)
     34          {
   \                     fsl_assert: (+1)
   \   00000000   0xB580             PUSH     {R7,LR}
     35              lock_acquire();
   \   00000002   0x.... 0x....      BL       lock_acquire
     36              while (1)
   \                     ??fsl_assert_0: (+1)
   \   00000006   0xE7FE             B.N      ??fsl_assert_0
     37                  ;
     38          }
     39          
     40          ////////////////////////////////////////////////////////////////////////////////
     41          // EOF
     42          ////////////////////////////////////////////////////////////////////////////////

   Maximum stack usage in bytes:

   .cstack Function
   ------- --------
       8   fsl_assert
         8   -> lock_acquire


   Section sizes:

   Bytes  Function/Label
   -----  --------------
       8  fsl_assert

 
 8 bytes in section .text
 
 8 bytes of CODE memory

Errors: none
Warnings: none
