###############################################################################
#
# IAR ANSI C/C++ Compiler V7.60.1.11101/W32 for ARM       16/Sep/2016  13:23:57
# Copyright 1999-2016 IAR Systems AB.
#
#    Cpu mode     =  thumb
#    Endian       =  little
#    Source file  =  
#        C:\Freescale\NXP_Kinetis_Bootloader_2_0_0\NXP_Kinetis_Bootloader_2_0_0\src\bootloader\src\bl_user_entry.c
#    Command line =  
#        C:\Freescale\NXP_Kinetis_Bootloader_2_0_0\NXP_Kinetis_Bootloader_2_0_0\src\bootloader\src\bl_user_entry.c
#        -D NDEBUG -D USB_STACK_BM -D CPU_MK22FN1M0AVMC12 -D
#        CPU_IS_ARM_CORTEX_M4=1 -D IAR -D FREEDOM -D BL_TARGET_FLASH -D
#        TURINGSENSE=1 -lC
#        C:\Freescale\NXP_Kinetis_Bootloader_2_0_0\NXP_Kinetis_Bootloader_2_0_0\targets\MK22FA12_MK64\iar\freedom_bootloader\debug\list
#        --diag_suppress Pa039,Pe068,Pe069,Pa082,Pe177,Pe186,Pe550,Pa050 -o
#        C:\Freescale\NXP_Kinetis_Bootloader_2_0_0\NXP_Kinetis_Bootloader_2_0_0\targets\MK22FA12_MK64\iar\freedom_bootloader\debug\obj
#        --no_cse --no_unroll --no_inline --no_code_motion --no_tbaa
#        --no_clustering --no_scheduling --debug --endian=little
#        --cpu=Cortex-M4 -e --fpu=VFPv4_sp --dlib_config "C:\Program Files
#        (x86)\IAR Systems\Embedded Workbench
#        7.4\arm\INC\c\DLib_Config_Normal.h" -I
#        C:\Freescale\NXP_Kinetis_Bootloader_2_0_0\NXP_Kinetis_Bootloader_2_0_0\targets\MK22FA12_MK64\iar\freedom_bootloader/../../src\
#        -I
#        C:\Freescale\NXP_Kinetis_Bootloader_2_0_0\NXP_Kinetis_Bootloader_2_0_0\targets\MK22FA12_MK64\iar\freedom_bootloader/../../src/startup\
#        -I
#        C:\Freescale\NXP_Kinetis_Bootloader_2_0_0\NXP_Kinetis_Bootloader_2_0_0\targets\MK22FA12_MK64\iar\freedom_bootloader\..\..\..\..\src\platform\devices\MK22FA12_MK64\
#        -I
#        C:\Freescale\NXP_Kinetis_Bootloader_2_0_0\NXP_Kinetis_Bootloader_2_0_0\targets\MK22FA12_MK64\iar\freedom_bootloader/../../../../src/autobaud\
#        -I
#        C:\Freescale\NXP_Kinetis_Bootloader_2_0_0\NXP_Kinetis_Bootloader_2_0_0\targets\MK22FA12_MK64\iar\freedom_bootloader/../../../../src/usb/include\
#        -I
#        C:\Freescale\NXP_Kinetis_Bootloader_2_0_0\NXP_Kinetis_Bootloader_2_0_0\targets\MK22FA12_MK64\iar\freedom_bootloader/../../../../src/usb/osa\
#        -I
#        C:\Freescale\NXP_Kinetis_Bootloader_2_0_0\NXP_Kinetis_Bootloader_2_0_0\targets\MK22FA12_MK64\iar\freedom_bootloader/../../../../src/usb/device\
#        -I
#        C:\Freescale\NXP_Kinetis_Bootloader_2_0_0\NXP_Kinetis_Bootloader_2_0_0\targets\MK22FA12_MK64\iar\freedom_bootloader/../../../../src/usb/device/class\
#        -I
#        C:\Freescale\NXP_Kinetis_Bootloader_2_0_0\NXP_Kinetis_Bootloader_2_0_0\targets\MK22FA12_MK64\iar\freedom_bootloader/../../../../src/bm_usb\
#        -I
#        C:\Freescale\NXP_Kinetis_Bootloader_2_0_0\NXP_Kinetis_Bootloader_2_0_0\targets\MK22FA12_MK64\iar\freedom_bootloader/../../../../src/include\
#        -I
#        C:\Freescale\NXP_Kinetis_Bootloader_2_0_0\NXP_Kinetis_Bootloader_2_0_0\targets\MK22FA12_MK64\iar\freedom_bootloader/../../../../src/platform\
#        -I
#        C:\Freescale\NXP_Kinetis_Bootloader_2_0_0\NXP_Kinetis_Bootloader_2_0_0\targets\MK22FA12_MK64\iar\freedom_bootloader/../../../../src/platform/devices\
#        -I
#        C:\Freescale\NXP_Kinetis_Bootloader_2_0_0\NXP_Kinetis_Bootloader_2_0_0\targets\MK22FA12_MK64\iar\freedom_bootloader/../../../../src/platform/CMSIS/Include\
#        -I
#        C:\Freescale\NXP_Kinetis_Bootloader_2_0_0\NXP_Kinetis_Bootloader_2_0_0\targets\MK22FA12_MK64\iar\freedom_bootloader/../../../../src\
#        -I
#        C:\Freescale\NXP_Kinetis_Bootloader_2_0_0\NXP_Kinetis_Bootloader_2_0_0\targets\MK22FA12_MK64\iar\freedom_bootloader/../../../../src/drivers\
#        -I
#        C:\Freescale\NXP_Kinetis_Bootloader_2_0_0\NXP_Kinetis_Bootloader_2_0_0\targets\MK22FA12_MK64\iar\freedom_bootloader/../../../../src/startup\
#        -I
#        C:\Freescale\NXP_Kinetis_Bootloader_2_0_0\NXP_Kinetis_Bootloader_2_0_0\targets\MK22FA12_MK64\iar\freedom_bootloader/../../../../src/drivers/common\
#        -On --use_c++_inline
#    Locale       =  C
#    List file    =  
#        C:\Freescale\NXP_Kinetis_Bootloader_2_0_0\NXP_Kinetis_Bootloader_2_0_0\targets\MK22FA12_MK64\iar\freedom_bootloader\debug\list\bl_user_entry.lst
#    Object file  =  
#        C:\Freescale\NXP_Kinetis_Bootloader_2_0_0\NXP_Kinetis_Bootloader_2_0_0\targets\MK22FA12_MK64\iar\freedom_bootloader\debug\obj\bl_user_entry.o
#
###############################################################################

C:\Freescale\NXP_Kinetis_Bootloader_2_0_0\NXP_Kinetis_Bootloader_2_0_0\src\bootloader\src\bl_user_entry.c
      1          /*
      2           * Copyright (c) 2013, Freescale Semiconductor, Inc.
      3           * All rights reserved.
      4           *
      5           * Redistribution and use in source and binary forms, with or without modification,
      6           * are permitted provided that the following conditions are met:
      7           *
      8           * o Redistributions of source code must retain the above copyright notice, this list
      9           *   of conditions and the following disclaimer.
     10           *
     11           * o Redistributions in binary form must reproduce the above copyright notice, this
     12           *   list of conditions and the following disclaimer in the documentation and/or
     13           *   other materials provided with the distribution.
     14           *
     15           * o Neither the name of Freescale Semiconductor, Inc. nor the names of its
     16           *   contributors may be used to endorse or promote products derived from this
     17           *   software without specific prior written permission.
     18           *
     19           * THIS SOFTWARE IS PROVIDED BY THE COPYRIGHT HOLDERS AND CONTRIBUTORS "AS IS" AND
     20           * ANY EXPRESS OR IMPLIED WARRANTIES, INCLUDING, BUT NOT LIMITED TO, THE IMPLIED
     21           * WARRANTIES OF MERCHANTABILITY AND FITNESS FOR A PARTICULAR PURPOSE ARE
     22           * DISCLAIMED. IN NO EVENT SHALL THE COPYRIGHT HOLDER OR CONTRIBUTORS BE LIABLE FOR
     23           * ANY DIRECT, INDIRECT, INCIDENTAL, SPECIAL, EXEMPLARY, OR CONSEQUENTIAL DAMAGES
     24           * (INCLUDING, BUT NOT LIMITED TO, PROCUREMENT OF SUBSTITUTE GOODS OR SERVICES;
     25           * LOSS OF USE, DATA, OR PROFITS; OR BUSINESS INTERRUPTION) HOWEVER CAUSED AND ON
     26           * ANY THEORY OF LIABILITY, WHETHER IN CONTRACT, STRICT LIABILITY, OR TORT
     27           * (INCLUDING NEGLIGENCE OR OTHERWISE) ARISING IN ANY WAY OUT OF THE USE OF THIS
     28           * SOFTWARE, EVEN IF ADVISED OF THE POSSIBILITY OF SUCH DAMAGE.
     29           */
     30          
     31          #include "fsl_device_registers.h"
     32          #include "bootloader_common.h"
     33          
     34          ////////////////////////////////////////////////////////////////////////////////
     35          // Definitions
     36          ////////////////////////////////////////////////////////////////////////////////
     37          
     38          ////////////////////////////////////////////////////////////////////////////////
     39          // Code
     40          ////////////////////////////////////////////////////////////////////////////////
     41          
     42          // See bl_user_entry.h for documentation of this function.

   \                                 In section .text, align 2, keep-with-next
     43          void bootloader_user_entry(void *arg)
     44          {
   \                     bootloader_user_entry: (+1)
   \   00000000   0xB510             PUSH     {R4,LR}
   \   00000002   0x0004             MOVS     R4,R0
     45          #if BL_TARGET_ROM || BL_TARGET_FPGA
     46          
     47              // For ROM targets, we set the RCM_FM bits to force the ROM to run out of
     48              // reset, then perform a reset. This provides a guaranteed clean system.
     49              RCM_BWR_FM_FORCEROM(RCM, 0x3);
     50              NVIC_SystemReset();
     51          
     52          #elif BL_TARGET_FLASH
     53          
     54              // For flash-resident configurations, just call the reset handler as the entry point.
     55              Reset_Handler();
   \   00000004   0x.... 0x....      BL       Reset_Handler
     56          
     57          #elif !BL_TARGET_RAM
     58          #error "Undefined target type"
     59          #endif // BL_TARGET_ROM || BL_TARGET_FPGA
     60          }
   \   00000008   0xBD10             POP      {R4,PC}          ;; return
     61          
     62          ////////////////////////////////////////////////////////////////////////////////
     63          // EOF
     64          ////////////////////////////////////////////////////////////////////////////////

   Maximum stack usage in bytes:

   .cstack Function
   ------- --------
       8   bootloader_user_entry
         8   -> Reset_Handler


   Section sizes:

   Bytes  Function/Label
   -----  --------------
      10  bootloader_user_entry

 
 10 bytes in section .text
 
 10 bytes of CODE memory

Errors: none
Warnings: none
