###############################################################################
#
# IAR ANSI C/C++ Compiler V7.60.1.11101/W32 for ARM       16/Sep/2016  13:24:11
# Copyright 1999-2016 IAR Systems AB.
#
#    Cpu mode     =  thumb
#    Endian       =  little
#    Source file  =  
#        C:\Freescale\NXP_Kinetis_Bootloader_2_0_0\NXP_Kinetis_Bootloader_2_0_0\src\memory\src\sram_init_cm4.c
#    Command line =  
#        C:\Freescale\NXP_Kinetis_Bootloader_2_0_0\NXP_Kinetis_Bootloader_2_0_0\src\memory\src\sram_init_cm4.c
#        -D NDEBUG -D USB_STACK_BM -D CPU_MK22FN1M0AVMC12 -D
#        CPU_IS_ARM_CORTEX_M4=1 -D IAR -D FREEDOM -D BL_TARGET_FLASH -D
#        TURINGSENSE=1 -lC
#        C:\Freescale\NXP_Kinetis_Bootloader_2_0_0\NXP_Kinetis_Bootloader_2_0_0\targets\MK22FA12_MK64\iar\freedom_bootloader\debug\list
#        --diag_suppress Pa039,Pe068,Pe069,Pa082,Pe177,Pe186,Pe550,Pa050 -o
#        C:\Freescale\NXP_Kinetis_Bootloader_2_0_0\NXP_Kinetis_Bootloader_2_0_0\targets\MK22FA12_MK64\iar\freedom_bootloader\debug\obj
#        --no_cse --no_unroll --no_inline --no_code_motion --no_tbaa
#        --no_clustering --no_scheduling --debug --endian=little
#        --cpu=Cortex-M4 -e --fpu=VFPv4_sp --dlib_config "C:\Program Files
#        (x86)\IAR Systems\Embedded Workbench
#        7.4\arm\INC\c\DLib_Config_Normal.h" -I
#        C:\Freescale\NXP_Kinetis_Bootloader_2_0_0\NXP_Kinetis_Bootloader_2_0_0\targets\MK22FA12_MK64\iar\freedom_bootloader/../../src\
#        -I
#        C:\Freescale\NXP_Kinetis_Bootloader_2_0_0\NXP_Kinetis_Bootloader_2_0_0\targets\MK22FA12_MK64\iar\freedom_bootloader/../../src/startup\
#        -I
#        C:\Freescale\NXP_Kinetis_Bootloader_2_0_0\NXP_Kinetis_Bootloader_2_0_0\targets\MK22FA12_MK64\iar\freedom_bootloader\..\..\..\..\src\platform\devices\MK22FA12_MK64\
#        -I
#        C:\Freescale\NXP_Kinetis_Bootloader_2_0_0\NXP_Kinetis_Bootloader_2_0_0\targets\MK22FA12_MK64\iar\freedom_bootloader/../../../../src/autobaud\
#        -I
#        C:\Freescale\NXP_Kinetis_Bootloader_2_0_0\NXP_Kinetis_Bootloader_2_0_0\targets\MK22FA12_MK64\iar\freedom_bootloader/../../../../src/usb/include\
#        -I
#        C:\Freescale\NXP_Kinetis_Bootloader_2_0_0\NXP_Kinetis_Bootloader_2_0_0\targets\MK22FA12_MK64\iar\freedom_bootloader/../../../../src/usb/osa\
#        -I
#        C:\Freescale\NXP_Kinetis_Bootloader_2_0_0\NXP_Kinetis_Bootloader_2_0_0\targets\MK22FA12_MK64\iar\freedom_bootloader/../../../../src/usb/device\
#        -I
#        C:\Freescale\NXP_Kinetis_Bootloader_2_0_0\NXP_Kinetis_Bootloader_2_0_0\targets\MK22FA12_MK64\iar\freedom_bootloader/../../../../src/usb/device/class\
#        -I
#        C:\Freescale\NXP_Kinetis_Bootloader_2_0_0\NXP_Kinetis_Bootloader_2_0_0\targets\MK22FA12_MK64\iar\freedom_bootloader/../../../../src/bm_usb\
#        -I
#        C:\Freescale\NXP_Kinetis_Bootloader_2_0_0\NXP_Kinetis_Bootloader_2_0_0\targets\MK22FA12_MK64\iar\freedom_bootloader/../../../../src/include\
#        -I
#        C:\Freescale\NXP_Kinetis_Bootloader_2_0_0\NXP_Kinetis_Bootloader_2_0_0\targets\MK22FA12_MK64\iar\freedom_bootloader/../../../../src/platform\
#        -I
#        C:\Freescale\NXP_Kinetis_Bootloader_2_0_0\NXP_Kinetis_Bootloader_2_0_0\targets\MK22FA12_MK64\iar\freedom_bootloader/../../../../src/platform/devices\
#        -I
#        C:\Freescale\NXP_Kinetis_Bootloader_2_0_0\NXP_Kinetis_Bootloader_2_0_0\targets\MK22FA12_MK64\iar\freedom_bootloader/../../../../src/platform/CMSIS/Include\
#        -I
#        C:\Freescale\NXP_Kinetis_Bootloader_2_0_0\NXP_Kinetis_Bootloader_2_0_0\targets\MK22FA12_MK64\iar\freedom_bootloader/../../../../src\
#        -I
#        C:\Freescale\NXP_Kinetis_Bootloader_2_0_0\NXP_Kinetis_Bootloader_2_0_0\targets\MK22FA12_MK64\iar\freedom_bootloader/../../../../src/drivers\
#        -I
#        C:\Freescale\NXP_Kinetis_Bootloader_2_0_0\NXP_Kinetis_Bootloader_2_0_0\targets\MK22FA12_MK64\iar\freedom_bootloader/../../../../src/startup\
#        -I
#        C:\Freescale\NXP_Kinetis_Bootloader_2_0_0\NXP_Kinetis_Bootloader_2_0_0\targets\MK22FA12_MK64\iar\freedom_bootloader/../../../../src/drivers/common\
#        -On --use_c++_inline
#    Locale       =  C
#    List file    =  
#        C:\Freescale\NXP_Kinetis_Bootloader_2_0_0\NXP_Kinetis_Bootloader_2_0_0\targets\MK22FA12_MK64\iar\freedom_bootloader\debug\list\sram_init_cm4.lst
#    Object file  =  
#        C:\Freescale\NXP_Kinetis_Bootloader_2_0_0\NXP_Kinetis_Bootloader_2_0_0\targets\MK22FA12_MK64\iar\freedom_bootloader\debug\obj\sram_init_cm4.o
#
###############################################################################

C:\Freescale\NXP_Kinetis_Bootloader_2_0_0\NXP_Kinetis_Bootloader_2_0_0\src\memory\src\sram_init_cm4.c
      1          /*
      2           * Copyright (c) 2014, Freescale Semiconductor, Inc.
      3           * All rights reserved.
      4           *
      5           * Redistribution and use in source and binary forms, with or without modification,
      6           * are permitted provided that the following conditions are met:
      7           *
      8           * o Redistributions of source code must retain the above copyright notice, this list
      9           *   of conditions and the following disclaimer.
     10           *
     11           * o Redistributions in binary form must reproduce the above copyright notice, this
     12           *   list of conditions and the following disclaimer in the documentation and/or
     13           *   other materials provided with the distribution.
     14           *
     15           * o Neither the name of Freescale Semiconductor, Inc. nor the names of its
     16           *   contributors may be used to endorse or promote products derived from this
     17           *   software without specific prior written permission.
     18           *
     19           * THIS SOFTWARE IS PROVIDED BY THE COPYRIGHT HOLDERS AND CONTRIBUTORS "AS IS" AND
     20           * ANY EXPRESS OR IMPLIED WARRANTIES, INCLUDING, BUT NOT LIMITED TO, THE IMPLIED
     21           * WARRANTIES OF MERCHANTABILITY AND FITNESS FOR A PARTICULAR PURPOSE ARE
     22           * DISCLAIMED. IN NO EVENT SHALL THE COPYRIGHT HOLDER OR CONTRIBUTORS BE LIABLE FOR
     23           * ANY DIRECT, INDIRECT, INCIDENTAL, SPECIAL, EXEMPLARY, OR CONSEQUENTIAL DAMAGES
     24           * (INCLUDING, BUT NOT LIMITED TO, PROCUREMENT OF SUBSTITUTE GOODS OR SERVICES;
     25           * LOSS OF USE, DATA, OR PROFITS; OR BUSINESS INTERRUPTION) HOWEVER CAUSED AND ON
     26           * ANY THEORY OF LIABILITY, WHETHER IN CONTRACT, STRICT LIABILITY, OR TORT
     27           * (INCLUDING NEGLIGENCE OR OTHERWISE) ARISING IN ANY WAY OUT OF THE USE OF THIS
     28           * SOFTWARE, EVEN IF ADVISED OF THE POSSIBILITY OF SUCH DAMAGE.
     29           */
     30          
     31          #include "bootloader_common.h"
     32          #include "bootloader/bl_context.h"
     33          #include "memory/memory.h"
     34          #if !defined(BOOTLOADER_HOST)
     35          #include "fsl_device_registers.h"
     36          #endif // BOOTLOADER_HOST
     37          #include "sram_init.h"
     38          #include "utilities/fsl_assert.h"
     39          
     40          ////////////////////////////////////////////////////////////////////////////////
     41          // Code
     42          ////////////////////////////////////////////////////////////////////////////////
     43          //! @brief Determine if a number is power of 2.

   \                                 In section .text, align 2, keep-with-next
     44          static inline bool is_power_of_2(uint32_t number)
     45          {
     46              return !(number && (number & (number - 1)));
   \                     is_power_of_2: (+1)
   \   00000000   0x2800             CMP      R0,#+0
   \   00000002   0xD004             BEQ.N    ??is_power_of_2_0
   \   00000004   0x1E41             SUBS     R1,R0,#+1
   \   00000006   0x4208             TST      R0,R1
   \   00000008   0xD001             BEQ.N    ??is_power_of_2_0
   \   0000000A   0x2001             MOVS     R0,#+1
   \   0000000C   0xE000             B.N      ??is_power_of_2_1
   \                     ??is_power_of_2_0: (+1)
   \   0000000E   0x2000             MOVS     R0,#+0
   \                     ??is_power_of_2_1: (+1)
   \   00000010   0xF090 0x0001      EORS     R0,R0,#0x1
   \   00000014   0xB2C0             UXTB     R0,R0            ;; ZeroExt  R0,R0,#+24,#+24
   \   00000016   0x4770             BX       LR               ;; return
     47          }
     48          
     49          //! @brief Initialize address ranges of SRAM for chips belongs to cm4 family

   \                                 In section .text, align 2, keep-with-next
     50          status_t sram_init(void)
     51          {
   \                     sram_init: (+1)
   \   00000000   0xB5F8             PUSH     {R3-R7,LR}
     52          #if defined(__CORE_CM4_H_GENERIC)
     53          
     54              uint32_t ram_size = 0;
   \   00000002   0x2400             MOVS     R4,#+0
     55              uint32_t tmp;
     56          #if defined(FSL_FEATURE_SIM_OPT_HAS_RAMSIZE)
     57              tmp = (SIM->SOPT1 & SIM_SOPT1_RAMSIZE_MASK) >> SIM_SOPT1_RAMSIZE_SHIFT;
   \   00000004   0x....             LDR.N    R0,??DataTable0  ;; 0x40047000
   \   00000006   0x6800             LDR      R0,[R0, #+0]
   \   00000008   0xF3C0 0x3003      UBFX     R0,R0,#+12,#+4
   \   0000000C   0x0005             MOVS     R5,R0
     58          #elif defined(FSL_FEATURE_SIM_SDID_HAS_SRAMSIZE)
     59              tmp = (SIM->SDID & SIM_SDID_RAMSIZE) >> SIM_SDID_RAMSIZE_SHIFT;
     60          #else
     61          #error "No valid RAMSIZE defined!"
     62          #endif
     63              switch (tmp)
   \   0000000E   0x0028             MOVS     R0,R5
   \   00000010   0x2803             CMP      R0,#+3
   \   00000012   0xD00E             BEQ.N    ??sram_init_0
   \   00000014   0x2804             CMP      R0,#+4
   \   00000016   0xD010             BEQ.N    ??sram_init_1
   \   00000018   0x2805             CMP      R0,#+5
   \   0000001A   0xD012             BEQ.N    ??sram_init_2
   \   0000001C   0x2806             CMP      R0,#+6
   \   0000001E   0xD014             BEQ.N    ??sram_init_3
   \   00000020   0x2807             CMP      R0,#+7
   \   00000022   0xD016             BEQ.N    ??sram_init_4
   \   00000024   0x2808             CMP      R0,#+8
   \   00000026   0xD018             BEQ.N    ??sram_init_5
   \   00000028   0x2809             CMP      R0,#+9
   \   0000002A   0xD01A             BEQ.N    ??sram_init_6
   \   0000002C   0x280B             CMP      R0,#+11
   \   0000002E   0xD01C             BEQ.N    ??sram_init_7
   \   00000030   0xE01F             B.N      ??sram_init_8
     64              {
     65                  case kRamSize16kIndex:
     66                      ram_size = 16 * 1024UL;
   \                     ??sram_init_0: (+1)
   \   00000032   0xF44F 0x4080      MOV      R0,#+16384
   \   00000036   0x0004             MOVS     R4,R0
     67                      break;
   \   00000038   0xE01D             B.N      ??sram_init_9
     68                  case kRamSize24kIndex:
     69                      ram_size = 24 * 1024UL;
   \                     ??sram_init_1: (+1)
   \   0000003A   0xF44F 0x40C0      MOV      R0,#+24576
   \   0000003E   0x0004             MOVS     R4,R0
     70                      break;
   \   00000040   0xE019             B.N      ??sram_init_9
     71                  case kRamSize32kIndex:
     72                      ram_size = 32 * 1024UL;
   \                     ??sram_init_2: (+1)
   \   00000042   0xF44F 0x4000      MOV      R0,#+32768
   \   00000046   0x0004             MOVS     R4,R0
     73                      break;
   \   00000048   0xE015             B.N      ??sram_init_9
     74                  case kRamSize48kIndex:
     75                      ram_size = 48 * 1024UL;
   \                     ??sram_init_3: (+1)
   \   0000004A   0xF44F 0x4040      MOV      R0,#+49152
   \   0000004E   0x0004             MOVS     R4,R0
     76                      break;
   \   00000050   0xE011             B.N      ??sram_init_9
     77                  case kRamSize64kIndex:
     78                      ram_size = 64 * 1024UL;
   \                     ??sram_init_4: (+1)
   \   00000052   0xF45F 0x3080      MOVS     R0,#+65536
   \   00000056   0x0004             MOVS     R4,R0
     79                      break;
   \   00000058   0xE00D             B.N      ??sram_init_9
     80                  case kRamSize96kIndex:
     81                      ram_size = 96 * 1024UL;
   \                     ??sram_init_5: (+1)
   \   0000005A   0xF45F 0x30C0      MOVS     R0,#+98304
   \   0000005E   0x0004             MOVS     R4,R0
     82                      break;
   \   00000060   0xE009             B.N      ??sram_init_9
     83                  case kRamSize128kIndex:
     84                      ram_size = 128 * 1024UL;
   \                     ??sram_init_6: (+1)
   \   00000062   0xF45F 0x3000      MOVS     R0,#+131072
   \   00000066   0x0004             MOVS     R4,R0
     85                      break;
   \   00000068   0xE005             B.N      ??sram_init_9
     86                  case kRamSize256kIndex:
     87                      ram_size = 256 * 1024UL;
   \                     ??sram_init_7: (+1)
   \   0000006A   0xF45F 0x2080      MOVS     R0,#+262144
   \   0000006E   0x0004             MOVS     R4,R0
     88                      break;
   \   00000070   0xE001             B.N      ??sram_init_9
     89                  default:
     90                      ram_size = 0;
   \                     ??sram_init_8: (+1)
   \   00000072   0x2000             MOVS     R0,#+0
   \   00000074   0x0004             MOVS     R4,R0
     91                      break;
     92              }
     93          
     94              assert(ram_size > 0);
     95          
     96              uint32_t sram_lower_part = kSram_LowerPart;
   \                     ??sram_init_9: (+1)
   \   00000076   0x2601             MOVS     R6,#+1
     97              uint32_t sram_upper_part = kSram_UpperPart;
   \   00000078   0x2703             MOVS     R7,#+3
     98          
     99              if (ram_size)
   \   0000007A   0x2C00             CMP      R4,#+0
   \   0000007C   0xD018             BEQ.N    ??sram_init_10
    100              {
    101                  // For target in which RAM size is not power of 2, for example, 24KB, 48KB, 96KB, 192KB, etc
    102                  // SRAM_LOWER is 1 / 3 of Total SRAM.
    103                  if (!is_power_of_2(ram_size))
   \   0000007E   0x0020             MOVS     R0,R4
   \   00000080   0x.... 0x....      BL       is_power_of_2
   \   00000084   0x2800             CMP      R0,#+0
   \   00000086   0xD103             BNE.N    ??sram_init_11
    104                  {
    105                      sram_lower_part = 1;
   \   00000088   0x2001             MOVS     R0,#+1
   \   0000008A   0x0006             MOVS     R6,R0
    106                      sram_upper_part = 2;
   \   0000008C   0x2002             MOVS     R0,#+2
   \   0000008E   0x0007             MOVS     R7,R0
    107                  }
    108          
    109                  // Update  address range of SRAM
    110                  memory_map_entry_t *map = (memory_map_entry_t *)&g_bootloaderContext.memoryMap[kIndexSRAM];
   \                     ??sram_init_11: (+1)
   \   00000090   0x....             LDR.N    R0,??DataTable0_1
   \   00000092   0x6840             LDR      R0,[R0, #+4]
   \   00000094   0x3010             ADDS     R0,R0,#+16
    111          
    112                  uint32_t tmp = ram_size / (sram_lower_part + sram_upper_part);
   \   00000096   0x19B9             ADDS     R1,R7,R6
   \   00000098   0xFBB4 0xF1F1      UDIV     R1,R4,R1
    113          
    114                  map->startAddress = kSRAMSeparatrix - tmp * sram_lower_part;   // start of SRAM
   \   0000009C   0xFB06 0xF201      MUL      R2,R6,R1
   \   000000A0   0xF1D2 0x5200      RSBS     R2,R2,#+536870912
   \   000000A4   0x6002             STR      R2,[R0, #+0]
    115                  map->endAddress = kSRAMSeparatrix + tmp * sram_upper_part - 1; // end of SRAM
   \   000000A6   0xF07F 0x4260      MVNS     R2,#-536870912
   \   000000AA   0xFB07 0x2101      MLA      R1,R7,R1,R2
   \   000000AE   0x6041             STR      R1,[R0, #+4]
    116              }
    117          
    118          #else
    119          #error "This function only applies to cm4 family"
    120          #endif // __CORE_CM4_H_GENERIC
    121          
    122              return kStatus_Success;
   \                     ??sram_init_10: (+1)
   \   000000B0   0x2000             MOVS     R0,#+0
   \   000000B2   0xBDF2             POP      {R1,R4-R7,PC}    ;; return
    123          }

   \                                 In section .text, align 4, keep-with-next
   \                     ??DataTable0:
   \   00000000   0x40047000         DC32     0x40047000

   \                                 In section .text, align 4, keep-with-next
   \                     ??DataTable0_1:
   \   00000000   0x........         DC32     g_bootloaderContext
    124          
    125          ////////////////////////////////////////////////////////////////////////////////
    126          // EOF
    127          ////////////////////////////////////////////////////////////////////////////////

   Maximum stack usage in bytes:

   .cstack Function
   ------- --------
       0   is_power_of_2
      24   sram_init
        24   -> is_power_of_2


   Section sizes:

   Bytes  Function/Label
   -----  --------------
       4  ??DataTable0
       4  ??DataTable0_1
      24  is_power_of_2
     180  sram_init

 
 212 bytes in section .text
 
 212 bytes of CODE memory

Errors: none
Warnings: none
