###############################################################################
#
# IAR ANSI C/C++ Compiler V7.60.1.11101/W32 for ARM       16/Aug/2016  15:48:58
# Copyright 1999-2016 IAR Systems AB.
#
#    Cpu mode     =  thumb
#    Endian       =  little
#    Source file  =  
#        C:\Users\cwati\Documents\My
#        Work\Freescale\Bootloader\NXP_Kinetis_Bootloader_2_0_0\NXP_Kinetis_Bootloader_2_0_0\targets\MK22F51212\src\startup\system_MK22F51212.c
#    Command line =  
#        "C:\Users\cwati\Documents\My
#        Work\Freescale\Bootloader\NXP_Kinetis_Bootloader_2_0_0\NXP_Kinetis_Bootloader_2_0_0\targets\MK22F51212\src\startup\system_MK22F51212.c"
#        -D DEBUG -D NDEBUG -D USB_STACK_BM -D CPU_MK22FN512VDC12 -D
#        CPU_IS_ARM_CORTEX_M4=1 -D IAR -D FREEDOM -D BL_TARGET_FLASH -lC
#        "C:\Users\cwati\Documents\My
#        Work\Freescale\Bootloader\NXP_Kinetis_Bootloader_2_0_0\NXP_Kinetis_Bootloader_2_0_0\targets\MK22F51212\iar\freedom_bootloader\debug\list"
#        --diag_suppress Pa039,Pe068,Pe069,Pa082,Pe177,Pe186,Pe550,Pa050 -o
#        "C:\Users\cwati\Documents\My
#        Work\Freescale\Bootloader\NXP_Kinetis_Bootloader_2_0_0\NXP_Kinetis_Bootloader_2_0_0\targets\MK22F51212\iar\freedom_bootloader\debug\obj"
#        --no_unroll --debug --endian=little --cpu=Cortex-M4 -e --fpu=None
#        --dlib_config "C:\Program Files (x86)\IAR Systems\Embedded Workbench
#        7.4\arm\INC\c\DLib_Config_Normal.h" -I "C:\Users\cwati\Documents\My
#        Work\Freescale\Bootloader\NXP_Kinetis_Bootloader_2_0_0\NXP_Kinetis_Bootloader_2_0_0\targets\MK22F51212\iar\freedom_bootloader/../../src\"
#        -I "C:\Users\cwati\Documents\My
#        Work\Freescale\Bootloader\NXP_Kinetis_Bootloader_2_0_0\NXP_Kinetis_Bootloader_2_0_0\targets\MK22F51212\iar\freedom_bootloader/../../src/startup\"
#        -I "C:\Users\cwati\Documents\My
#        Work\Freescale\Bootloader\NXP_Kinetis_Bootloader_2_0_0\NXP_Kinetis_Bootloader_2_0_0\targets\MK22F51212\iar\freedom_bootloader/../../../../src/platform/devices/MK22F51212\"
#        -I "C:\Users\cwati\Documents\My
#        Work\Freescale\Bootloader\NXP_Kinetis_Bootloader_2_0_0\NXP_Kinetis_Bootloader_2_0_0\targets\MK22F51212\iar\freedom_bootloader/../../../../src/autobaud\"
#        -I "C:\Users\cwati\Documents\My
#        Work\Freescale\Bootloader\NXP_Kinetis_Bootloader_2_0_0\NXP_Kinetis_Bootloader_2_0_0\targets\MK22F51212\iar\freedom_bootloader/../../../../src/usb/include\"
#        -I "C:\Users\cwati\Documents\My
#        Work\Freescale\Bootloader\NXP_Kinetis_Bootloader_2_0_0\NXP_Kinetis_Bootloader_2_0_0\targets\MK22F51212\iar\freedom_bootloader/../../../../src/usb/osa\"
#        -I "C:\Users\cwati\Documents\My
#        Work\Freescale\Bootloader\NXP_Kinetis_Bootloader_2_0_0\NXP_Kinetis_Bootloader_2_0_0\targets\MK22F51212\iar\freedom_bootloader/../../../../src/usb/device\"
#        -I "C:\Users\cwati\Documents\My
#        Work\Freescale\Bootloader\NXP_Kinetis_Bootloader_2_0_0\NXP_Kinetis_Bootloader_2_0_0\targets\MK22F51212\iar\freedom_bootloader/../../../../src/usb/device/class\"
#        -I "C:\Users\cwati\Documents\My
#        Work\Freescale\Bootloader\NXP_Kinetis_Bootloader_2_0_0\NXP_Kinetis_Bootloader_2_0_0\targets\MK22F51212\iar\freedom_bootloader/../../../../src/bm_usb\"
#        -I "C:\Users\cwati\Documents\My
#        Work\Freescale\Bootloader\NXP_Kinetis_Bootloader_2_0_0\NXP_Kinetis_Bootloader_2_0_0\targets\MK22F51212\iar\freedom_bootloader/../../../../src/include\"
#        -I "C:\Users\cwati\Documents\My
#        Work\Freescale\Bootloader\NXP_Kinetis_Bootloader_2_0_0\NXP_Kinetis_Bootloader_2_0_0\targets\MK22F51212\iar\freedom_bootloader/../../../../src/platform\"
#        -I "C:\Users\cwati\Documents\My
#        Work\Freescale\Bootloader\NXP_Kinetis_Bootloader_2_0_0\NXP_Kinetis_Bootloader_2_0_0\targets\MK22F51212\iar\freedom_bootloader/../../../../src/platform/devices\"
#        -I "C:\Users\cwati\Documents\My
#        Work\Freescale\Bootloader\NXP_Kinetis_Bootloader_2_0_0\NXP_Kinetis_Bootloader_2_0_0\targets\MK22F51212\iar\freedom_bootloader/../../../../src/platform/CMSIS/Include\"
#        -I "C:\Users\cwati\Documents\My
#        Work\Freescale\Bootloader\NXP_Kinetis_Bootloader_2_0_0\NXP_Kinetis_Bootloader_2_0_0\targets\MK22F51212\iar\freedom_bootloader/../../../../src\"
#        -I "C:\Users\cwati\Documents\My
#        Work\Freescale\Bootloader\NXP_Kinetis_Bootloader_2_0_0\NXP_Kinetis_Bootloader_2_0_0\targets\MK22F51212\iar\freedom_bootloader/../../../../src/drivers\"
#        -I "C:\Users\cwati\Documents\My
#        Work\Freescale\Bootloader\NXP_Kinetis_Bootloader_2_0_0\NXP_Kinetis_Bootloader_2_0_0\targets\MK22F51212\iar\freedom_bootloader/../../../../src/startup\"
#        -I "C:\Users\cwati\Documents\My
#        Work\Freescale\Bootloader\NXP_Kinetis_Bootloader_2_0_0\NXP_Kinetis_Bootloader_2_0_0\targets\MK22F51212\iar\freedom_bootloader/../../../../src/drivers/common\"
#        -Ohz --use_c++_inline
#    Locale       =  C
#    List file    =  
#        C:\Users\cwati\Documents\My
#        Work\Freescale\Bootloader\NXP_Kinetis_Bootloader_2_0_0\NXP_Kinetis_Bootloader_2_0_0\targets\MK22F51212\iar\freedom_bootloader\debug\list\system_MK22F51212.lst
#    Object file  =  
#        C:\Users\cwati\Documents\My
#        Work\Freescale\Bootloader\NXP_Kinetis_Bootloader_2_0_0\NXP_Kinetis_Bootloader_2_0_0\targets\MK22F51212\iar\freedom_bootloader\debug\obj\system_MK22F51212.o
#
###############################################################################

C:\Users\cwati\Documents\My Work\Freescale\Bootloader\NXP_Kinetis_Bootloader_2_0_0\NXP_Kinetis_Bootloader_2_0_0\targets\MK22F51212\src\startup\system_MK22F51212.c
      1          /*
      2           * Copyright (c) 2014-2015, Freescale Semiconductor, Inc.
      3           * All rights reserved.
      4           *
      5           * Redistribution and use in source and binary forms, with or without modification,
      6           * are permitted provided that the following conditions are met:
      7           *
      8           * o Redistributions of source code must retain the above copyright notice, this list
      9           *   of conditions and the following disclaimer.
     10           *
     11           * o Redistributions in binary form must reproduce the above copyright notice, this
     12           *   list of conditions and the following disclaimer in the documentation and/or
     13           *   other materials provided with the distribution.
     14           *
     15           * o Neither the name of Freescale Semiconductor, Inc. nor the names of its
     16           *   contributors may be used to endorse or promote products derived from this
     17           *   software without specific prior written permission.
     18           *
     19           * THIS SOFTWARE IS PROVIDED BY THE COPYRIGHT HOLDERS AND CONTRIBUTORS "AS IS" AND
     20           * ANY EXPRESS OR IMPLIED WARRANTIES, INCLUDING, BUT NOT LIMITED TO, THE IMPLIED
     21           * WARRANTIES OF MERCHANTABILITY AND FITNESS FOR A PARTICULAR PURPOSE ARE
     22           * DISCLAIMED. IN NO EVENT SHALL THE COPYRIGHT HOLDER OR CONTRIBUTORS BE LIABLE FOR
     23           * ANY DIRECT, INDIRECT, INCIDENTAL, SPECIAL, EXEMPLARY, OR CONSEQUENTIAL DAMAGES
     24           * (INCLUDING, BUT NOT LIMITED TO, PROCUREMENT OF SUBSTITUTE GOODS OR SERVICES;
     25           * LOSS OF USE, DATA, OR PROFITS; OR BUSINESS INTERRUPTION) HOWEVER CAUSED AND ON
     26           * ANY THEORY OF LIABILITY, WHETHER IN CONTRACT, STRICT LIABILITY, OR TORT
     27           * (INCLUDING NEGLIGENCE OR OTHERWISE) ARISING IN ANY WAY OUT OF THE USE OF THIS
     28           * SOFTWARE, EVEN IF ADVISED OF THE POSSIBILITY OF SUCH DAMAGE.
     29           */
     30          
     31          #include <stdint.h>
     32          #include "system_MK22F51212.h"
     33          #include "fsl_device_registers.h"
     34          #include "target_config.h"
     35          
     36          #ifndef DISABLE_WDOG
     37          #definf DISABLE_WDOG 1
     38          #endif
     39          
     40          /* ----------------------------------------------------------------------------
     41             -- Core clock
     42             ---------------------------------------------------------------------------- */
     43          

   \                                 In section .data, align 4
     44          uint32_t SystemCoreClock = kDefaultClock;
   \                     SystemCoreClock:
   \   00000000   0x01400000         DC32 20971520
     45          
     46          /* ----------------------------------------------------------------------------
     47             -- SystemInit()
     48             ---------------------------------------------------------------------------- */
     49          

   \                                 In section .text, align 4, keep-with-next
     50          void SystemInit(void)
     51          {
     52          #if ((__FPU_PRESENT == 1) && (__FPU_USED == 1))
     53              SCB->CPACR |= ((3UL << 10 * 2) | (3UL << 11 * 2)); /* set CP10, CP11 Full Access */
     54          #endif                                                 /* ((__FPU_PRESENT == 1) && (__FPU_USED == 1)) */
     55          
     56          #if (DISABLE_WDOG)
     57              WDOG->UNLOCK = WDOG_UNLOCK_WDOGUNLOCK(0xC520); /* Key 1 */
   \                     SystemInit: (+1)
   \   00000000   0x4805             LDR.N    R0,??SystemInit_0  ;; 0x40052000
   \   00000002   0xF24C 0x5120      MOVW     R1,#+50464
   \   00000006   0x81C1             STRH     R1,[R0, #+14]
     58              /* WDOG->UNLOCK: WDOGUNLOCK=0xD928 */
     59              WDOG->UNLOCK = WDOG_UNLOCK_WDOGUNLOCK(0xD928); /* Key 2 */
   \   00000008   0xF64D 0x1128      MOVW     R1,#+55592
   \   0000000C   0x81C1             STRH     R1,[R0, #+14]
     60                                                             /* WDOG->STCTRLH:
     61                                                              * ?=0,DISTESTWDOG=0,BYTESEL=0,TESTSEL=0,TESTWDOG=0,?=0,?=1,WAITEN=1,STOPEN=1,DBGEN=0,ALLOWUPDATE=1,WINEN=0,IRQRSTEN=0,CLKSRC=1,WDOGEN=0
     62                                                              */
     63              WDOG->STCTRLH = WDOG_STCTRLH_BYTESEL(0x00) | WDOG_STCTRLH_WAITEN_MASK | WDOG_STCTRLH_STOPEN_MASK |
     64                              WDOG_STCTRLH_ALLOWUPDATE_MASK | WDOG_STCTRLH_CLKSRC_MASK | 0x0100U;
   \   0000000E   0xF44F 0x71E9      MOV      R1,#+466
   \   00000012   0x8001             STRH     R1,[R0, #+0]
     65          #endif /* (DISABLE_WDOG) */
     66          }
   \   00000014   0x4770             BX       LR               ;; return
   \   00000016   0xBF00             Nop      
   \                     ??SystemInit_0:
   \   00000018   0x40052000         DC32     0x40052000
     67          
     68          ////////////////////////////////////////////////////////////////////////////////
     69          // EOF
     70          ////////////////////////////////////////////////////////////////////////////////

   Maximum stack usage in bytes:

   .cstack Function
   ------- --------
       0   SystemInit


   Section sizes:

   Bytes  Function/Label
   -----  --------------
       4  SystemCoreClock
      28  SystemInit

 
  4 bytes in section .data
 28 bytes in section .text
 
 28 bytes of CODE memory
  4 bytes of DATA memory

Errors: none
Warnings: none
