###############################################################################
#
# IAR ANSI C/C++ Compiler V7.60.1.11101/W32 for ARM       16/Aug/2016  13:15:57
# Copyright 1999-2016 IAR Systems AB.
#
#    Cpu mode     =  thumb
#    Endian       =  little
#    Source file  =  
#        C:\Users\cwati\Documents\My
#        Work\Freescale\Bootloader\NXP_Kinetis_Bootloader_2_0_0\NXP_Kinetis_Bootloader_2_0_0\targets\MK22F25612\src\memory_map_K22F256.c
#    Command line =  
#        "C:\Users\cwati\Documents\My
#        Work\Freescale\Bootloader\NXP_Kinetis_Bootloader_2_0_0\NXP_Kinetis_Bootloader_2_0_0\targets\MK22F25612\src\memory_map_K22F256.c"
#        -D DEBUG -D NDEBUG -D USB_STACK_BM -D CPU_MK22FN256VDC12 -D
#        CPU_IS_ARM_CORTEX_M4=1 -D IAR -D BL_TARGET_RAM -lC
#        "C:\Users\cwati\Documents\My
#        Work\Freescale\Bootloader\NXP_Kinetis_Bootloader_2_0_0\NXP_Kinetis_Bootloader_2_0_0\targets\MK22F25612\iar\flashloader\debug\list"
#        --diag_suppress Pa039,Pe068,Pe069,Pa082,Pe177,Pe186,Pe550,Pa050 -o
#        "C:\Users\cwati\Documents\My
#        Work\Freescale\Bootloader\NXP_Kinetis_Bootloader_2_0_0\NXP_Kinetis_Bootloader_2_0_0\targets\MK22F25612\iar\flashloader\debug\obj"
#        --no_unroll --debug --endian=little --cpu=Cortex-M4 -e --fpu=None
#        --dlib_config "C:\Program Files (x86)\IAR Systems\Embedded Workbench
#        7.4\arm\INC\c\DLib_Config_Normal.h" -I "C:\Users\cwati\Documents\My
#        Work\Freescale\Bootloader\NXP_Kinetis_Bootloader_2_0_0\NXP_Kinetis_Bootloader_2_0_0\targets\MK22F25612\iar\flashloader/../../src\"
#        -I "C:\Users\cwati\Documents\My
#        Work\Freescale\Bootloader\NXP_Kinetis_Bootloader_2_0_0\NXP_Kinetis_Bootloader_2_0_0\targets\MK22F25612\iar\flashloader/../../src/startup\"
#        -I "C:\Users\cwati\Documents\My
#        Work\Freescale\Bootloader\NXP_Kinetis_Bootloader_2_0_0\NXP_Kinetis_Bootloader_2_0_0\targets\MK22F25612\iar\flashloader/../../../../src/platform/devices/MK22F25612\"
#        -I "C:\Users\cwati\Documents\My
#        Work\Freescale\Bootloader\NXP_Kinetis_Bootloader_2_0_0\NXP_Kinetis_Bootloader_2_0_0\targets\MK22F25612\iar\flashloader/../../../../src/autobaud\"
#        -I "C:\Users\cwati\Documents\My
#        Work\Freescale\Bootloader\NXP_Kinetis_Bootloader_2_0_0\NXP_Kinetis_Bootloader_2_0_0\targets\MK22F25612\iar\flashloader/../../../../src/usb/include\"
#        -I "C:\Users\cwati\Documents\My
#        Work\Freescale\Bootloader\NXP_Kinetis_Bootloader_2_0_0\NXP_Kinetis_Bootloader_2_0_0\targets\MK22F25612\iar\flashloader/../../../../src/usb/osa\"
#        -I "C:\Users\cwati\Documents\My
#        Work\Freescale\Bootloader\NXP_Kinetis_Bootloader_2_0_0\NXP_Kinetis_Bootloader_2_0_0\targets\MK22F25612\iar\flashloader/../../../../src/usb/device\"
#        -I "C:\Users\cwati\Documents\My
#        Work\Freescale\Bootloader\NXP_Kinetis_Bootloader_2_0_0\NXP_Kinetis_Bootloader_2_0_0\targets\MK22F25612\iar\flashloader/../../../../src/usb/device/class\"
#        -I "C:\Users\cwati\Documents\My
#        Work\Freescale\Bootloader\NXP_Kinetis_Bootloader_2_0_0\NXP_Kinetis_Bootloader_2_0_0\targets\MK22F25612\iar\flashloader/../../../../src/bm_usb\"
#        -I "C:\Users\cwati\Documents\My
#        Work\Freescale\Bootloader\NXP_Kinetis_Bootloader_2_0_0\NXP_Kinetis_Bootloader_2_0_0\targets\MK22F25612\iar\flashloader/../../../../src/include\"
#        -I "C:\Users\cwati\Documents\My
#        Work\Freescale\Bootloader\NXP_Kinetis_Bootloader_2_0_0\NXP_Kinetis_Bootloader_2_0_0\targets\MK22F25612\iar\flashloader/../../../../src/platform\"
#        -I "C:\Users\cwati\Documents\My
#        Work\Freescale\Bootloader\NXP_Kinetis_Bootloader_2_0_0\NXP_Kinetis_Bootloader_2_0_0\targets\MK22F25612\iar\flashloader/../../../../src/platform/devices\"
#        -I "C:\Users\cwati\Documents\My
#        Work\Freescale\Bootloader\NXP_Kinetis_Bootloader_2_0_0\NXP_Kinetis_Bootloader_2_0_0\targets\MK22F25612\iar\flashloader/../../../../src/platform/CMSIS/Include\"
#        -I "C:\Users\cwati\Documents\My
#        Work\Freescale\Bootloader\NXP_Kinetis_Bootloader_2_0_0\NXP_Kinetis_Bootloader_2_0_0\targets\MK22F25612\iar\flashloader/../../../../src\"
#        -I "C:\Users\cwati\Documents\My
#        Work\Freescale\Bootloader\NXP_Kinetis_Bootloader_2_0_0\NXP_Kinetis_Bootloader_2_0_0\targets\MK22F25612\iar\flashloader/../../../../src/drivers\"
#        -I "C:\Users\cwati\Documents\My
#        Work\Freescale\Bootloader\NXP_Kinetis_Bootloader_2_0_0\NXP_Kinetis_Bootloader_2_0_0\targets\MK22F25612\iar\flashloader/../../../../src/startup\"
#        -I "C:\Users\cwati\Documents\My
#        Work\Freescale\Bootloader\NXP_Kinetis_Bootloader_2_0_0\NXP_Kinetis_Bootloader_2_0_0\targets\MK22F25612\iar\flashloader/../../../../src/drivers/common\"
#        -Ohz --use_c++_inline
#    Locale       =  C
#    List file    =  
#        C:\Users\cwati\Documents\My
#        Work\Freescale\Bootloader\NXP_Kinetis_Bootloader_2_0_0\NXP_Kinetis_Bootloader_2_0_0\targets\MK22F25612\iar\flashloader\debug\list\memory_map_K22F256.lst
#    Object file  =  
#        C:\Users\cwati\Documents\My
#        Work\Freescale\Bootloader\NXP_Kinetis_Bootloader_2_0_0\NXP_Kinetis_Bootloader_2_0_0\targets\MK22F25612\iar\flashloader\debug\obj\memory_map_K22F256.o
#
###############################################################################

C:\Users\cwati\Documents\My Work\Freescale\Bootloader\NXP_Kinetis_Bootloader_2_0_0\NXP_Kinetis_Bootloader_2_0_0\targets\MK22F25612\src\memory_map_K22F256.c
      1          /*
      2           * Copyright (c) 2013, Freescale Semiconductor, Inc.
      3           * All rights reserved.
      4           *
      5           * Redistribution and use in source and binary forms, with or without modification,
      6           * are permitted provided that the following conditions are met:
      7           *
      8           * o Redistributions of source code must retain the above copyright notice, this list
      9           *   of conditions and the following disclaimer.
     10           *
     11           * o Redistributions in binary form must reproduce the above copyright notice, this
     12           *   list of conditions and the following disclaimer in the documentation and/or
     13           *   other materials provided with the distribution.
     14           *
     15           * o Neither the name of Freescale Semiconductor, Inc. nor the names of its
     16           *   contributors may be used to endorse or promote products derived from this
     17           *   software without specific prior written permission.
     18           *
     19           * THIS SOFTWARE IS PROVIDED BY THE COPYRIGHT HOLDERS AND CONTRIBUTORS "AS IS" AND
     20           * ANY EXPRESS OR IMPLIED WARRANTIES, INCLUDING, BUT NOT LIMITED TO, THE IMPLIED
     21           * WARRANTIES OF MERCHANTABILITY AND FITNESS FOR A PARTICULAR PURPOSE ARE
     22           * DISCLAIMED. IN NO EVENT SHALL THE COPYRIGHT HOLDER OR CONTRIBUTORS BE LIABLE FOR
     23           * ANY DIRECT, INDIRECT, INCIDENTAL, SPECIAL, EXEMPLARY, OR CONSEQUENTIAL DAMAGES
     24           * (INCLUDING, BUT NOT LIMITED TO, PROCUREMENT OF SUBSTITUTE GOODS OR SERVICES;
     25           * LOSS OF USE, DATA, OR PROFITS; OR BUSINESS INTERRUPTION) HOWEVER CAUSED AND ON
     26           * ANY THEORY OF LIABILITY, WHETHER IN CONTRACT, STRICT LIABILITY, OR TORT
     27           * (INCLUDING NEGLIGENCE OR OTHERWISE) ARISING IN ANY WAY OUT OF THE USE OF THIS
     28           * SOFTWARE, EVEN IF ADVISED OF THE POSSIBILITY OF SUCH DAMAGE.
     29           */
     30          
     31          #include "bootloader/bl_context.h"
     32          #include "memory/memory.h"
     33          
     34          ////////////////////////////////////////////////////////////////////////////////
     35          // Variables
     36          ////////////////////////////////////////////////////////////////////////////////
     37          
     38          //! @brief Memory map for K22F256
     39          //!
     40          //! This map is not const because it is updated at runtime with the actual sizes of
     41          //! flash and RAM for the chip we're running on.

   \                                 In section .data, align 4
     42          memory_map_entry_t g_memoryMap[] = {
   \                     g_memoryMap:
   \   00000000   0x00000000         DC32 0, 262143
   \              0x0003FFFF   
   \   00000008   0x01 0x00          DC8 1, 0, 0, 0
   \              0x00 0x00    
   \   0000000C   0x........         DC32 g_flashMemoryInterface, 536854528, 536903679
   \              0x1FFFC000   
   \              0x20007FFF   
   \   00000018   0x01 0x00          DC8 1, 0, 0, 0
   \              0x00 0x00    
   \   0000001C   0x........         DC32 g_normalMemoryInterface, 1073741824, 1074266111
   \              0x40000000   
   \              0x4007FFFF   
   \   00000028   0x00 0x00          DC8 0, 0, 0, 0
   \              0x00 0x00    
   \   0000002C   0x........         DC32 g_deviceMemoryInterface, 1074786304, 1074790399
   \              0x400FF000   
   \              0x400FFFFF   
   \   00000038   0x00 0x00          DC8 0, 0, 0, 0
   \              0x00 0x00    
   \   0000003C   0x........         DC32 g_deviceMemoryInterface, 3758096384, 3759144959
   \              0xE0000000   
   \              0xE00FFFFF   
   \   00000048   0x00 0x00          DC8 0, 0, 0, 0
   \              0x00 0x00    
   \   0000004C   0x........         DC32 g_deviceMemoryInterface, 0
   \              0x00000000   
   \   00000054   0x00 0x00          DC8 0, 0, 0, 0, 0, 0, 0, 0, 0, 0, 0, 0
   \              0x00 0x00    
   \              0x00 0x00    
   \              0x00 0x00    
   \              0x00 0x00    
   \              0x00 0x00    
     43              { 0x00000000, 0x0003ffff, kMemoryIsExecutable, &g_flashMemoryInterface },   // Flash array (256KB)
     44              { 0x1fffc000, 0x20007fff, kMemoryIsExecutable, &g_normalMemoryInterface },  // SRAM (48KB)
     45              { 0x40000000, 0x4007ffff, kMemoryNotExecutable, &g_deviceMemoryInterface }, // AIPS peripherals
     46              { 0x400ff000, 0x400fffff, kMemoryNotExecutable, &g_deviceMemoryInterface }, // GPIO
     47              { 0xe0000000, 0xe00fffff, kMemoryNotExecutable, &g_deviceMemoryInterface }, // M4 private peripherals
     48              { 0 }                                                                       // Terminator
     49          };
     50          
     51          ////////////////////////////////////////////////////////////////////////////////
     52          // EOF
     53          ////////////////////////////////////////////////////////////////////////////////


   Section sizes:

   Bytes  Function/Label
   -----  --------------
      96  g_memoryMap

 
 96 bytes in section .data
 
 96 bytes of DATA memory

Errors: none
Warnings: none
